#
# There is insufficient memory for the Java Runtime Environment to continue.
# Native memory allocation (mmap) failed to map 65536 bytes for Failed to commit metaspace.
# Possible reasons:
#   The system is out of physical RAM or swap space
#   The process is running with CompressedOops enabled, and the Java Heap may be blocking the growth of the native heap
# Possible solutions:
#   Reduce memory load on the system
#   Increase physical memory or swap space
#   Check if swap backing store is full
#   Decrease Java heap size (-Xmx/-Xms)
#   Decrease number of Java threads
#   Decrease Java thread stack sizes (-Xss)
#   Set larger code cache with -XX:ReservedCodeCacheSize=
#   JVM is running with Zero Based Compressed Oops mode in which the Java heap is
#     placed in the first 32GB address space. The Java Heap base address is the
#     maximum limit for the native heap growth. Please use -XX:HeapBaseMinAddress
#     to set the Java Heap base and to place the Java Heap above 32GB virtual address.
# This output file may be truncated or incomplete.
#
#  Out of Memory Error (virtualSpaceNode.cpp:110), pid=15784, tid=42564
#
# JRE version: Java(TM) SE Runtime Environment (17.0.11+7) (build 17.0.11+7-LTS-207)
# Java VM: Java HotSpot(TM) 64-Bit Server VM (17.0.11+7-LTS-207, mixed mode, sharing, tiered, compressed oops, compressed class ptrs, g1 gc, windows-amd64)
# No core dump will be written. Minidumps are not enabled by default on client versions of Windows
#

---------------  S U M M A R Y ------------

Command Line: -XX:+ShowCodeDetailsInExceptionMessages com.furktech.Main 2276376 EXTRACAO_BILHETES TRUE C:\RPA\webdriver\geckodriver-v0.34.0-win64\geckodriver.exe

Host: AMD Ryzen 5 5600G with Radeon Graphics         , 12 cores, 15G,  Windows 10 , 64 bit Build 19041 (10.0.19041.3636)
Time: Sat Jun  8 15:09:29 2024 Hora oficial do Brasil elapsed time: 0.556088 seconds (0d 0h 0m 0s)

---------------  T H R E A D  ---------------

Current thread (0x000001f24083f2d0):  JavaThread "JdkHttpClient-0-0" daemon [_thread_in_vm, id=42564, stack(0x0000009355200000,0x0000009355300000)]

Stack: [0x0000009355200000,0x0000009355300000]
Native frames: (J=compiled Java code, j=interpreted, Vv=VM code, C=native code)
V  [jvm.dll+0x679cca]
V  [jvm.dll+0x7da13d]
V  [jvm.dll+0x7dba83]
V  [jvm.dll+0x7dc0f3]
V  [jvm.dll+0x2449af]
V  [jvm.dll+0x7d5d0b]
V  [jvm.dll+0x6200b6]
V  [jvm.dll+0x62011a]
V  [jvm.dll+0x62293d]
V  [jvm.dll+0x620a76]
V  [jvm.dll+0x631919]
V  [jvm.dll+0x62ac54]
V  [jvm.dll+0x37d2c1]
C  0x000001f22c71c7bd

Java frames: (J=compiled Java code, j=interpreted, Vv=VM code)
j  java.util.OptionalLong.of(J)Ljava/util/OptionalLong;+0 java.base@17.0.11
j  java.util.stream.FindOps$FindSink$OfLong.get()Ljava/util/OptionalLong;+17 java.base@17.0.11
j  java.util.stream.FindOps$FindSink$OfLong.get()Ljava/lang/Object;+1 java.base@17.0.11
j  java.util.stream.FindOps$FindOp.evaluateSequential(Ljava/util/stream/PipelineHelper;Ljava/util/Spliterator;)Ljava/lang/Object;+20 java.base@17.0.11
j  java.util.stream.AbstractPipeline.evaluate(Ljava/util/stream/TerminalOp;)Ljava/lang/Object;+88 java.base@17.0.11
j  java.util.stream.LongPipeline.findFirst()Ljava/util/OptionalLong;+5 java.base@17.0.11
j  java.net.http.HttpHeaders.firstValueAsLong(Ljava/lang/String;)Ljava/util/OptionalLong;+20 java.net.http@17.0.11
j  jdk.internal.net.http.Http1Response.readBody(Ljava/net/http/HttpResponse$BodySubscriber;ZLjava/util/concurrent/Executor;)Ljava/util/concurrent/CompletableFuture;+131 java.net.http@17.0.11
j  jdk.internal.net.http.Http1Exchange.readBodyAsync(Ljava/net/http/HttpResponse$BodyHandler;ZLjava/util/concurrent/Executor;)Ljava/util/concurrent/CompletableFuture;+40 java.net.http@17.0.11
j  jdk.internal.net.http.Exchange.readBodyAsync(Ljava/net/http/HttpResponse$BodyHandler;)Ljava/util/concurrent/CompletableFuture;+36 java.net.http@17.0.11
j  jdk.internal.net.http.MultiExchange.lambda$responseAsync0$4(Ljdk/internal/net/http/Response;)Ljava/util/concurrent/CompletionStage;+53 java.net.http@17.0.11
j  jdk.internal.net.http.MultiExchange$$Lambda$284+0x000001f242111c50.apply(Ljava/lang/Object;)Ljava/lang/Object;+8 java.net.http@17.0.11
j  java.util.concurrent.CompletableFuture$UniCompose.tryFire(I)Ljava/util/concurrent/CompletableFuture;+105 java.base@17.0.11
j  java.util.concurrent.CompletableFuture.postComplete()V+76 java.base@17.0.11
j  java.util.concurrent.CompletableFuture.postFire(Ljava/util/concurrent/CompletableFuture;I)Ljava/util/concurrent/CompletableFuture;+64 java.base@17.0.11
j  java.util.concurrent.CompletableFuture$UniApply.tryFire(I)Ljava/util/concurrent/CompletableFuture;+145 java.base@17.0.11
j  java.util.concurrent.CompletableFuture$Completion.run()V+2 java.base@17.0.11
j  jdk.internal.net.http.HttpClientImpl$DelegatingExecutor.execute(Ljava/lang/Runnable;)V+26 java.net.http@17.0.11
j  java.util.concurrent.CompletableFuture$UniCompletion.claim()Z+27 java.base@17.0.11
j  java.util.concurrent.CompletableFuture$UniApply.tryFire(I)Ljava/util/concurrent/CompletableFuture;+89 java.base@17.0.11
j  java.util.concurrent.CompletableFuture.postComplete()V+76 java.base@17.0.11
j  java.util.concurrent.CompletableFuture.complete(Ljava/lang/Object;)Z+7 java.base@17.0.11
j  jdk.internal.net.http.Http1Response$HeadersReader.handle(Ljava/nio/ByteBuffer;Ljdk/internal/net/http/Http1HeaderParser;Ljava/util/concurrent/CompletableFuture;)V+168 java.net.http@17.0.11
j  jdk.internal.net.http.Http1Response$HeadersReader.handle(Ljava/nio/ByteBuffer;Ljava/lang/Object;Ljava/util/concurrent/CompletableFuture;)V+7 java.net.http@17.0.11
j  jdk.internal.net.http.Http1Response$Receiver.accept(Ljava/nio/ByteBuffer;Ljava/lang/Object;Ljava/util/concurrent/CompletableFuture;)Z+21 java.net.http@17.0.11
j  jdk.internal.net.http.Http1Response$HeadersReader.tryAsyncReceive(Ljava/nio/ByteBuffer;)Z+39 java.net.http@17.0.11
j  jdk.internal.net.http.Http1AsyncReceiver.flush()V+198 java.net.http@17.0.11
j  jdk.internal.net.http.Http1AsyncReceiver$$Lambda$312+0x000001f24212a1a8.run()V+4 java.net.http@17.0.11
j  jdk.internal.net.http.common.SequentialScheduler$LockingRestartableTask.run()V+34 java.net.http@17.0.11
j  jdk.internal.net.http.common.SequentialScheduler$CompleteRestartableTask.run(Ljdk/internal/net/http/common/SequentialScheduler$DeferredCompleter;)V+1 java.net.http@17.0.11
j  jdk.internal.net.http.common.SequentialScheduler$SchedulableTask.run()V+14 java.net.http@17.0.11
j  java.util.concurrent.ThreadPoolExecutor.runWorker(Ljava/util/concurrent/ThreadPoolExecutor$Worker;)V+92 java.base@17.0.11
j  java.util.concurrent.ThreadPoolExecutor$Worker.run()V+5 java.base@17.0.11
j  java.lang.Thread.run()V+11 java.base@17.0.11
v  ~StubRoutines::call_stub

---------------  P R O C E S S  ---------------

Threads class SMR info:
_java_thread_list=0x000001f2867b0450, length=21, elements={
0x000001f21d91a2d0, 0x000001f2405d0680, 0x000001f2405d1300, 0x000001f2405e72f0,
0x000001f2405e7cb0, 0x000001f2405e8670, 0x000001f2405e9030, 0x000001f2405e9dd0,
0x000001f2405edd80, 0x000001f2405ee780, 0x000001f240842570, 0x000001f240841130,
0x000001f24089b550, 0x000001f240841b50, 0x000001f240840200, 0x000001f24083f7e0,
0x000001f24083edc0, 0x000001f240842060, 0x000001f24083f2d0, 0x000001f240840710,
0x000001f240841640
}

Java Threads: ( => current thread )
  0x000001f21d91a2d0 JavaThread "Forwarding newSession on session null to remote" [_thread_blocked, id=42464, stack(0x0000009353000000,0x0000009353100000)]
  0x000001f2405d0680 JavaThread "Reference Handler" daemon [_thread_blocked, id=42828, stack(0x0000009353700000,0x0000009353800000)]
  0x000001f2405d1300 JavaThread "Finalizer" daemon [_thread_blocked, id=42168, stack(0x0000009353800000,0x0000009353900000)]
  0x000001f2405e72f0 JavaThread "Signal Dispatcher" daemon [_thread_blocked, id=42656, stack(0x0000009353900000,0x0000009353a00000)]
  0x000001f2405e7cb0 JavaThread "Attach Listener" daemon [_thread_blocked, id=41284, stack(0x0000009353a00000,0x0000009353b00000)]
  0x000001f2405e8670 JavaThread "Service Thread" daemon [_thread_blocked, id=39220, stack(0x0000009353b00000,0x0000009353c00000)]
  0x000001f2405e9030 JavaThread "Monitor Deflation Thread" daemon [_thread_blocked, id=12460, stack(0x0000009353c00000,0x0000009353d00000)]
  0x000001f2405e9dd0 JavaThread "C2 CompilerThread0" daemon [_thread_blocked, id=34424, stack(0x0000009353d00000,0x0000009353e00000)]
  0x000001f2405edd80 JavaThread "C1 CompilerThread0" daemon [_thread_blocked, id=39844, stack(0x0000009353e00000,0x0000009353f00000)]
  0x000001f2405ee780 JavaThread "Sweeper thread" daemon [_thread_blocked, id=37016, stack(0x0000009353f00000,0x0000009354000000)]
  0x000001f240842570 JavaThread "Notification Thread" daemon [_thread_blocked, id=33644, stack(0x0000009354000000,0x0000009354100000)]
  0x000001f240841130 JavaThread "Common-Cleaner" daemon [_thread_blocked, id=41892, stack(0x0000009354200000,0x0000009354300000)]
  0x000001f24089b550 JavaThread "C2 CompilerThread1" daemon [_thread_blocked, id=34392, stack(0x0000009354300000,0x0000009354400000)]
  0x000001f240841b50 JavaThread "ForkJoinPool.commonPool-worker-1" daemon [_thread_blocked, id=11620, stack(0x0000009354400000,0x0000009354500000)]
  0x000001f240840200 JavaThread "HttpClient-1-SelectorManager" daemon [_thread_in_native, id=41096, stack(0x0000009354500000,0x0000009354600000)]
  0x000001f24083f7e0 JavaThread "External Process Output Forwarder - C:\RPA\webdriver\geckodriver-v0.34.0-win64\geckodriver.exe" daemon [_thread_in_native, id=38592, stack(0x0000009354e00000,0x0000009354f00000)]
  0x000001f24083edc0 JavaThread "Driver Service Executor" daemon [_thread_blocked, id=13396, stack(0x0000009354f00000,0x0000009355000000)]
  0x000001f240842060 JavaThread "Driver Service Executor" daemon [_thread_in_native, id=28376, stack(0x0000009355000000,0x0000009355100000)]
=>0x000001f24083f2d0 JavaThread "JdkHttpClient-0-0" daemon [_thread_in_vm, id=42564, stack(0x0000009355200000,0x0000009355300000)]
  0x000001f240840710 JavaThread "JdkHttpClient-0-1" daemon [_thread_blocked, id=31968, stack(0x0000009355300000,0x0000009355400000)]
  0x000001f240841640 JavaThread "JdkHttpClient-0-2" daemon [_thread_blocked, id=23756, stack(0x0000009355400000,0x0000009355500000)]

Other Threads:
  0x000001f2405c9b60 VMThread "VM Thread" [stack: 0x0000009353600000,0x0000009353700000] [id=42132]
  0x000001f2408511b0 WatcherThread [stack: 0x0000009354100000,0x0000009354200000] [id=41968]
  0x000001f21d98bd00 GCTaskThread "GC Thread#0" [stack: 0x0000009353100000,0x0000009353200000] [id=40340]
  0x000001f286715a10 GCTaskThread "GC Thread#1" [stack: 0x0000009354600000,0x0000009354700000] [id=41128]
  0x000001f286715cd0 GCTaskThread "GC Thread#2" [stack: 0x0000009354700000,0x0000009354800000] [id=3596]
  0x000001f286709fa0 GCTaskThread "GC Thread#3" [stack: 0x0000009354800000,0x0000009354900000] [id=42768]
  0x000001f28670a260 GCTaskThread "GC Thread#4" [stack: 0x0000009354900000,0x0000009354a00000] [id=38924]
  0x000001f28677ea60 GCTaskThread "GC Thread#5" [stack: 0x0000009354a00000,0x0000009354b00000] [id=41060]
  0x000001f286713ad0 GCTaskThread "GC Thread#6" [stack: 0x0000009354b00000,0x0000009354c00000] [id=39532]
  0x000001f286786eb0 GCTaskThread "GC Thread#7" [stack: 0x0000009354c00000,0x0000009354d00000] [id=37220]
  0x000001f286787170 GCTaskThread "GC Thread#8" [stack: 0x0000009354d00000,0x0000009354e00000] [id=33712]
  0x000001f21d99c250 ConcurrentGCThread "G1 Main Marker" [stack: 0x0000009353200000,0x0000009353300000] [id=38376]
  0x000001f21d99e410 ConcurrentGCThread "G1 Conc#0" [stack: 0x0000009353300000,0x0000009353400000] [id=26416]
  0x000001f24045e120 ConcurrentGCThread "G1 Refine#0" [stack: 0x0000009353400000,0x0000009353500000] [id=41360]
  0x000001f240460a60 ConcurrentGCThread "G1 Service" [stack: 0x0000009353500000,0x0000009353600000] [id=33528]

Threads with active compile tasks:

VM state: not at safepoint (normal execution)

VM Mutex/Monitor currently owned by a thread:  ([mutex/lock_event])
[0x000001f21d9147f0] Metaspace_lock - owner thread: 0x000001f24083f2d0

Heap address: 0x000000070a000000, size: 3936 MB, Compressed Oops mode: Zero based, Oop shift amount: 3

CDS archive(s) mapped at: [0x000001f241000000-0x000001f241bd0000-0x000001f241bd0000), size 12386304, SharedBaseAddress: 0x000001f241000000, ArchiveRelocationMode: 1.
Compressed class space mapped at: 0x000001f242000000-0x000001f282000000, reserved size: 1073741824
Narrow klass base: 0x000001f241000000, Narrow klass shift: 0, Narrow klass range: 0x100000000

GC Precious Log:
 CPUs: 12 total, 12 available
 Memory: 15742M
 Large Page Support: Disabled
 NUMA Support: Disabled
 Compressed Oops: Enabled (Zero based)
 Heap Region Size: 2M
 Heap Min Capacity: 8M
 Heap Initial Capacity: 246M
 Heap Max Capacity: 3936M
 Pre-touch: Disabled
 Parallel Workers: 10
 Concurrent Workers: 3
 Concurrent Refinement Workers: 10
 Periodic GC: Disabled

Heap:
 garbage-first heap   total 251904K, used 12819K [0x000000070a000000, 0x0000000800000000)
  region size 2048K, 6 young (12288K), 2 survivors (4096K)
 Metaspace       used 10086K, committed 10304K, reserved 1114112K
  class space    used 1223K, committed 1344K, reserved 1048576K

Heap Regions: E=young(eden), S=young(survivor), O=old, HS=humongous(starts), HC=humongous(continues), CS=collection set, F=free, OA=open archive, CA=closed archive, TAMS=top-at-mark-start (previous, next)
|   0|0x000000070a000000, 0x000000070a200000, 0x000000070a200000|100%| O|  |TAMS 0x000000070a000000, 0x000000070a000000| Untracked 
|   1|0x000000070a200000, 0x000000070a284e00, 0x000000070a400000| 25%| O|  |TAMS 0x000000070a200000, 0x000000070a200000| Untracked 
|   2|0x000000070a400000, 0x000000070a400000, 0x000000070a600000|  0%| F|  |TAMS 0x000000070a400000, 0x000000070a400000| Untracked 
|   3|0x000000070a600000, 0x000000070a600000, 0x000000070a800000|  0%| F|  |TAMS 0x000000070a600000, 0x000000070a600000| Untracked 
|   4|0x000000070a800000, 0x000000070a800000, 0x000000070aa00000|  0%| F|  |TAMS 0x000000070a800000, 0x000000070a800000| Untracked 
|   5|0x000000070aa00000, 0x000000070aa00000, 0x000000070ac00000|  0%| F|  |TAMS 0x000000070aa00000, 0x000000070aa00000| Untracked 
|   6|0x000000070ac00000, 0x000000070ac00000, 0x000000070ae00000|  0%| F|  |TAMS 0x000000070ac00000, 0x000000070ac00000| Untracked 
|   7|0x000000070ae00000, 0x000000070ae00000, 0x000000070b000000|  0%| F|  |TAMS 0x000000070ae00000, 0x000000070ae00000| Untracked 
|   8|0x000000070b000000, 0x000000070b000000, 0x000000070b200000|  0%| F|  |TAMS 0x000000070b000000, 0x000000070b000000| Untracked 
|   9|0x000000070b200000, 0x000000070b200000, 0x000000070b400000|  0%| F|  |TAMS 0x000000070b200000, 0x000000070b200000| Untracked 
|  10|0x000000070b400000, 0x000000070b400000, 0x000000070b600000|  0%| F|  |TAMS 0x000000070b400000, 0x000000070b400000| Untracked 
|  11|0x000000070b600000, 0x000000070b600000, 0x000000070b800000|  0%| F|  |TAMS 0x000000070b600000, 0x000000070b600000| Untracked 
|  12|0x000000070b800000, 0x000000070b800000, 0x000000070ba00000|  0%| F|  |TAMS 0x000000070b800000, 0x000000070b800000| Untracked 
|  13|0x000000070ba00000, 0x000000070ba00000, 0x000000070bc00000|  0%| F|  |TAMS 0x000000070ba00000, 0x000000070ba00000| Untracked 
|  14|0x000000070bc00000, 0x000000070bc00000, 0x000000070be00000|  0%| F|  |TAMS 0x000000070bc00000, 0x000000070bc00000| Untracked 
|  15|0x000000070be00000, 0x000000070be00000, 0x000000070c000000|  0%| F|  |TAMS 0x000000070be00000, 0x000000070be00000| Untracked 
|  16|0x000000070c000000, 0x000000070c000000, 0x000000070c200000|  0%| F|  |TAMS 0x000000070c000000, 0x000000070c000000| Untracked 
|  17|0x000000070c200000, 0x000000070c200000, 0x000000070c400000|  0%| F|  |TAMS 0x000000070c200000, 0x000000070c200000| Untracked 
|  18|0x000000070c400000, 0x000000070c400000, 0x000000070c600000|  0%| F|  |TAMS 0x000000070c400000, 0x000000070c400000| Untracked 
|  19|0x000000070c600000, 0x000000070c600000, 0x000000070c800000|  0%| F|  |TAMS 0x000000070c600000, 0x000000070c600000| Untracked 
|  20|0x000000070c800000, 0x000000070c800000, 0x000000070ca00000|  0%| F|  |TAMS 0x000000070c800000, 0x000000070c800000| Untracked 
|  21|0x000000070ca00000, 0x000000070ca00000, 0x000000070cc00000|  0%| F|  |TAMS 0x000000070ca00000, 0x000000070ca00000| Untracked 
|  22|0x000000070cc00000, 0x000000070cc00000, 0x000000070ce00000|  0%| F|  |TAMS 0x000000070cc00000, 0x000000070cc00000| Untracked 
|  23|0x000000070ce00000, 0x000000070ce00000, 0x000000070d000000|  0%| F|  |TAMS 0x000000070ce00000, 0x000000070ce00000| Untracked 
|  24|0x000000070d000000, 0x000000070d000000, 0x000000070d200000|  0%| F|  |TAMS 0x000000070d000000, 0x000000070d000000| Untracked 
|  25|0x000000070d200000, 0x000000070d200000, 0x000000070d400000|  0%| F|  |TAMS 0x000000070d200000, 0x000000070d200000| Untracked 
|  26|0x000000070d400000, 0x000000070d400000, 0x000000070d600000|  0%| F|  |TAMS 0x000000070d400000, 0x000000070d400000| Untracked 
|  27|0x000000070d600000, 0x000000070d600000, 0x000000070d800000|  0%| F|  |TAMS 0x000000070d600000, 0x000000070d600000| Untracked 
|  28|0x000000070d800000, 0x000000070d800000, 0x000000070da00000|  0%| F|  |TAMS 0x000000070d800000, 0x000000070d800000| Untracked 
|  29|0x000000070da00000, 0x000000070da00000, 0x000000070dc00000|  0%| F|  |TAMS 0x000000070da00000, 0x000000070da00000| Untracked 
|  30|0x000000070dc00000, 0x000000070dc00000, 0x000000070de00000|  0%| F|  |TAMS 0x000000070dc00000, 0x000000070dc00000| Untracked 
|  31|0x000000070de00000, 0x000000070de00000, 0x000000070e000000|  0%| F|  |TAMS 0x000000070de00000, 0x000000070de00000| Untracked 
|  32|0x000000070e000000, 0x000000070e000000, 0x000000070e200000|  0%| F|  |TAMS 0x000000070e000000, 0x000000070e000000| Untracked 
|  33|0x000000070e200000, 0x000000070e200000, 0x000000070e400000|  0%| F|  |TAMS 0x000000070e200000, 0x000000070e200000| Untracked 
|  34|0x000000070e400000, 0x000000070e400000, 0x000000070e600000|  0%| F|  |TAMS 0x000000070e400000, 0x000000070e400000| Untracked 
|  35|0x000000070e600000, 0x000000070e600000, 0x000000070e800000|  0%| F|  |TAMS 0x000000070e600000, 0x000000070e600000| Untracked 
|  36|0x000000070e800000, 0x000000070e800000, 0x000000070ea00000|  0%| F|  |TAMS 0x000000070e800000, 0x000000070e800000| Untracked 
|  37|0x000000070ea00000, 0x000000070ea00000, 0x000000070ec00000|  0%| F|  |TAMS 0x000000070ea00000, 0x000000070ea00000| Untracked 
|  38|0x000000070ec00000, 0x000000070ec00000, 0x000000070ee00000|  0%| F|  |TAMS 0x000000070ec00000, 0x000000070ec00000| Untracked 
|  39|0x000000070ee00000, 0x000000070ee00000, 0x000000070f000000|  0%| F|  |TAMS 0x000000070ee00000, 0x000000070ee00000| Untracked 
|  40|0x000000070f000000, 0x000000070f000000, 0x000000070f200000|  0%| F|  |TAMS 0x000000070f000000, 0x000000070f000000| Untracked 
|  41|0x000000070f200000, 0x000000070f200000, 0x000000070f400000|  0%| F|  |TAMS 0x000000070f200000, 0x000000070f200000| Untracked 
|  42|0x000000070f400000, 0x000000070f400000, 0x000000070f600000|  0%| F|  |TAMS 0x000000070f400000, 0x000000070f400000| Untracked 
|  43|0x000000070f600000, 0x000000070f600000, 0x000000070f800000|  0%| F|  |TAMS 0x000000070f600000, 0x000000070f600000| Untracked 
|  44|0x000000070f800000, 0x000000070f800000, 0x000000070fa00000|  0%| F|  |TAMS 0x000000070f800000, 0x000000070f800000| Untracked 
|  45|0x000000070fa00000, 0x000000070fa00000, 0x000000070fc00000|  0%| F|  |TAMS 0x000000070fa00000, 0x000000070fa00000| Untracked 
|  46|0x000000070fc00000, 0x000000070fc00000, 0x000000070fe00000|  0%| F|  |TAMS 0x000000070fc00000, 0x000000070fc00000| Untracked 
|  47|0x000000070fe00000, 0x000000070fe00000, 0x0000000710000000|  0%| F|  |TAMS 0x000000070fe00000, 0x000000070fe00000| Untracked 
|  48|0x0000000710000000, 0x0000000710000000, 0x0000000710200000|  0%| F|  |TAMS 0x0000000710000000, 0x0000000710000000| Untracked 
|  49|0x0000000710200000, 0x0000000710200000, 0x0000000710400000|  0%| F|  |TAMS 0x0000000710200000, 0x0000000710200000| Untracked 
|  50|0x0000000710400000, 0x0000000710400000, 0x0000000710600000|  0%| F|  |TAMS 0x0000000710400000, 0x0000000710400000| Untracked 
|  51|0x0000000710600000, 0x0000000710600000, 0x0000000710800000|  0%| F|  |TAMS 0x0000000710600000, 0x0000000710600000| Untracked 
|  52|0x0000000710800000, 0x0000000710800000, 0x0000000710a00000|  0%| F|  |TAMS 0x0000000710800000, 0x0000000710800000| Untracked 
|  53|0x0000000710a00000, 0x0000000710a00000, 0x0000000710c00000|  0%| F|  |TAMS 0x0000000710a00000, 0x0000000710a00000| Untracked 
|  54|0x0000000710c00000, 0x0000000710c00000, 0x0000000710e00000|  0%| F|  |TAMS 0x0000000710c00000, 0x0000000710c00000| Untracked 
|  55|0x0000000710e00000, 0x0000000710e00000, 0x0000000711000000|  0%| F|  |TAMS 0x0000000710e00000, 0x0000000710e00000| Untracked 
|  56|0x0000000711000000, 0x0000000711000000, 0x0000000711200000|  0%| F|  |TAMS 0x0000000711000000, 0x0000000711000000| Untracked 
|  57|0x0000000711200000, 0x0000000711200000, 0x0000000711400000|  0%| F|  |TAMS 0x0000000711200000, 0x0000000711200000| Untracked 
|  58|0x0000000711400000, 0x0000000711400000, 0x0000000711600000|  0%| F|  |TAMS 0x0000000711400000, 0x0000000711400000| Untracked 
|  59|0x0000000711600000, 0x0000000711600000, 0x0000000711800000|  0%| F|  |TAMS 0x0000000711600000, 0x0000000711600000| Untracked 
|  60|0x0000000711800000, 0x0000000711800000, 0x0000000711a00000|  0%| F|  |TAMS 0x0000000711800000, 0x0000000711800000| Untracked 
|  61|0x0000000711a00000, 0x0000000711a00000, 0x0000000711c00000|  0%| F|  |TAMS 0x0000000711a00000, 0x0000000711a00000| Untracked 
|  62|0x0000000711c00000, 0x0000000711c00000, 0x0000000711e00000|  0%| F|  |TAMS 0x0000000711c00000, 0x0000000711c00000| Untracked 
|  63|0x0000000711e00000, 0x0000000711e00000, 0x0000000712000000|  0%| F|  |TAMS 0x0000000711e00000, 0x0000000711e00000| Untracked 
|  64|0x0000000712000000, 0x0000000712000000, 0x0000000712200000|  0%| F|  |TAMS 0x0000000712000000, 0x0000000712000000| Untracked 
|  65|0x0000000712200000, 0x0000000712200000, 0x0000000712400000|  0%| F|  |TAMS 0x0000000712200000, 0x0000000712200000| Untracked 
|  66|0x0000000712400000, 0x0000000712400000, 0x0000000712600000|  0%| F|  |TAMS 0x0000000712400000, 0x0000000712400000| Untracked 
|  67|0x0000000712600000, 0x0000000712600000, 0x0000000712800000|  0%| F|  |TAMS 0x0000000712600000, 0x0000000712600000| Untracked 
|  68|0x0000000712800000, 0x0000000712800000, 0x0000000712a00000|  0%| F|  |TAMS 0x0000000712800000, 0x0000000712800000| Untracked 
|  69|0x0000000712a00000, 0x0000000712a00000, 0x0000000712c00000|  0%| F|  |TAMS 0x0000000712a00000, 0x0000000712a00000| Untracked 
|  70|0x0000000712c00000, 0x0000000712c00000, 0x0000000712e00000|  0%| F|  |TAMS 0x0000000712c00000, 0x0000000712c00000| Untracked 
|  71|0x0000000712e00000, 0x0000000712e00000, 0x0000000713000000|  0%| F|  |TAMS 0x0000000712e00000, 0x0000000712e00000| Untracked 
|  72|0x0000000713000000, 0x0000000713000000, 0x0000000713200000|  0%| F|  |TAMS 0x0000000713000000, 0x0000000713000000| Untracked 
|  73|0x0000000713200000, 0x0000000713200000, 0x0000000713400000|  0%| F|  |TAMS 0x0000000713200000, 0x0000000713200000| Untracked 
|  74|0x0000000713400000, 0x0000000713400000, 0x0000000713600000|  0%| F|  |TAMS 0x0000000713400000, 0x0000000713400000| Untracked 
|  75|0x0000000713600000, 0x0000000713600000, 0x0000000713800000|  0%| F|  |TAMS 0x0000000713600000, 0x0000000713600000| Untracked 
|  76|0x0000000713800000, 0x0000000713800000, 0x0000000713a00000|  0%| F|  |TAMS 0x0000000713800000, 0x0000000713800000| Untracked 
|  77|0x0000000713a00000, 0x0000000713a00000, 0x0000000713c00000|  0%| F|  |TAMS 0x0000000713a00000, 0x0000000713a00000| Untracked 
|  78|0x0000000713c00000, 0x0000000713c00000, 0x0000000713e00000|  0%| F|  |TAMS 0x0000000713c00000, 0x0000000713c00000| Untracked 
|  79|0x0000000713e00000, 0x0000000713e00000, 0x0000000714000000|  0%| F|  |TAMS 0x0000000713e00000, 0x0000000713e00000| Untracked 
|  80|0x0000000714000000, 0x0000000714000000, 0x0000000714200000|  0%| F|  |TAMS 0x0000000714000000, 0x0000000714000000| Untracked 
|  81|0x0000000714200000, 0x0000000714200000, 0x0000000714400000|  0%| F|  |TAMS 0x0000000714200000, 0x0000000714200000| Untracked 
|  82|0x0000000714400000, 0x0000000714400000, 0x0000000714600000|  0%| F|  |TAMS 0x0000000714400000, 0x0000000714400000| Untracked 
|  83|0x0000000714600000, 0x0000000714600000, 0x0000000714800000|  0%| F|  |TAMS 0x0000000714600000, 0x0000000714600000| Untracked 
|  84|0x0000000714800000, 0x0000000714800000, 0x0000000714a00000|  0%| F|  |TAMS 0x0000000714800000, 0x0000000714800000| Untracked 
|  85|0x0000000714a00000, 0x0000000714a00000, 0x0000000714c00000|  0%| F|  |TAMS 0x0000000714a00000, 0x0000000714a00000| Untracked 
|  86|0x0000000714c00000, 0x0000000714c00000, 0x0000000714e00000|  0%| F|  |TAMS 0x0000000714c00000, 0x0000000714c00000| Untracked 
|  87|0x0000000714e00000, 0x0000000714e00000, 0x0000000715000000|  0%| F|  |TAMS 0x0000000714e00000, 0x0000000714e00000| Untracked 
|  88|0x0000000715000000, 0x0000000715000000, 0x0000000715200000|  0%| F|  |TAMS 0x0000000715000000, 0x0000000715000000| Untracked 
|  89|0x0000000715200000, 0x0000000715200000, 0x0000000715400000|  0%| F|  |TAMS 0x0000000715200000, 0x0000000715200000| Untracked 
|  90|0x0000000715400000, 0x0000000715400000, 0x0000000715600000|  0%| F|  |TAMS 0x0000000715400000, 0x0000000715400000| Untracked 
|  91|0x0000000715600000, 0x0000000715600000, 0x0000000715800000|  0%| F|  |TAMS 0x0000000715600000, 0x0000000715600000| Untracked 
|  92|0x0000000715800000, 0x0000000715800000, 0x0000000715a00000|  0%| F|  |TAMS 0x0000000715800000, 0x0000000715800000| Untracked 
|  93|0x0000000715a00000, 0x0000000715a00000, 0x0000000715c00000|  0%| F|  |TAMS 0x0000000715a00000, 0x0000000715a00000| Untracked 
|  94|0x0000000715c00000, 0x0000000715c00000, 0x0000000715e00000|  0%| F|  |TAMS 0x0000000715c00000, 0x0000000715c00000| Untracked 
|  95|0x0000000715e00000, 0x0000000715e00000, 0x0000000716000000|  0%| F|  |TAMS 0x0000000715e00000, 0x0000000715e00000| Untracked 
|  96|0x0000000716000000, 0x0000000716000000, 0x0000000716200000|  0%| F|  |TAMS 0x0000000716000000, 0x0000000716000000| Untracked 
|  97|0x0000000716200000, 0x0000000716200000, 0x0000000716400000|  0%| F|  |TAMS 0x0000000716200000, 0x0000000716200000| Untracked 
|  98|0x0000000716400000, 0x0000000716400000, 0x0000000716600000|  0%| F|  |TAMS 0x0000000716400000, 0x0000000716400000| Untracked 
|  99|0x0000000716600000, 0x0000000716600000, 0x0000000716800000|  0%| F|  |TAMS 0x0000000716600000, 0x0000000716600000| Untracked 
| 100|0x0000000716800000, 0x0000000716800000, 0x0000000716a00000|  0%| F|  |TAMS 0x0000000716800000, 0x0000000716800000| Untracked 
| 101|0x0000000716a00000, 0x0000000716a00000, 0x0000000716c00000|  0%| F|  |TAMS 0x0000000716a00000, 0x0000000716a00000| Untracked 
| 102|0x0000000716c00000, 0x0000000716c00000, 0x0000000716e00000|  0%| F|  |TAMS 0x0000000716c00000, 0x0000000716c00000| Untracked 
| 103|0x0000000716e00000, 0x0000000716e00000, 0x0000000717000000|  0%| F|  |TAMS 0x0000000716e00000, 0x0000000716e00000| Untracked 
| 104|0x0000000717000000, 0x0000000717000000, 0x0000000717200000|  0%| F|  |TAMS 0x0000000717000000, 0x0000000717000000| Untracked 
| 105|0x0000000717200000, 0x0000000717200000, 0x0000000717400000|  0%| F|  |TAMS 0x0000000717200000, 0x0000000717200000| Untracked 
| 106|0x0000000717400000, 0x0000000717400000, 0x0000000717600000|  0%| F|  |TAMS 0x0000000717400000, 0x0000000717400000| Untracked 
| 107|0x0000000717600000, 0x0000000717600000, 0x0000000717800000|  0%| F|  |TAMS 0x0000000717600000, 0x0000000717600000| Untracked 
| 108|0x0000000717800000, 0x0000000717800000, 0x0000000717a00000|  0%| F|  |TAMS 0x0000000717800000, 0x0000000717800000| Untracked 
| 109|0x0000000717a00000, 0x0000000717a00000, 0x0000000717c00000|  0%| F|  |TAMS 0x0000000717a00000, 0x0000000717a00000| Untracked 
| 110|0x0000000717c00000, 0x0000000717e00000, 0x0000000717e00000|100%| S|CS|TAMS 0x0000000717c00000, 0x0000000717c00000| Complete 
| 111|0x0000000717e00000, 0x0000000718000000, 0x0000000718000000|100%| S|CS|TAMS 0x0000000717e00000, 0x0000000717e00000| Complete 
| 112|0x0000000718000000, 0x0000000718000000, 0x0000000718200000|  0%| F|  |TAMS 0x0000000718000000, 0x0000000718000000| Untracked 
| 113|0x0000000718200000, 0x0000000718200000, 0x0000000718400000|  0%| F|  |TAMS 0x0000000718200000, 0x0000000718200000| Untracked 
| 114|0x0000000718400000, 0x0000000718400000, 0x0000000718600000|  0%| F|  |TAMS 0x0000000718400000, 0x0000000718400000| Untracked 
| 115|0x0000000718600000, 0x0000000718600000, 0x0000000718800000|  0%| F|  |TAMS 0x0000000718600000, 0x0000000718600000| Untracked 
| 116|0x0000000718800000, 0x0000000718800000, 0x0000000718a00000|  0%| F|  |TAMS 0x0000000718800000, 0x0000000718800000| Untracked 
| 117|0x0000000718a00000, 0x0000000718a00000, 0x0000000718c00000|  0%| F|  |TAMS 0x0000000718a00000, 0x0000000718a00000| Untracked 
| 118|0x0000000718c00000, 0x0000000718c00000, 0x0000000718e00000|  0%| F|  |TAMS 0x0000000718c00000, 0x0000000718c00000| Untracked 
| 119|0x0000000718e00000, 0x0000000718e2a0c8, 0x0000000719000000|  8%| E|  |TAMS 0x0000000718e00000, 0x0000000718e00000| Complete 
| 120|0x0000000719000000, 0x0000000719200000, 0x0000000719200000|100%| E|CS|TAMS 0x0000000719000000, 0x0000000719000000| Complete 
| 121|0x0000000719200000, 0x0000000719400000, 0x0000000719400000|100%| E|CS|TAMS 0x0000000719200000, 0x0000000719200000| Complete 
| 122|0x0000000719400000, 0x0000000719600000, 0x0000000719600000|100%| E|CS|TAMS 0x0000000719400000, 0x0000000719400000| Complete 

Card table byte_map: [0x000001f234ef0000,0x000001f2356a0000] _byte_map_base: 0x000001f2316a0000

Marking Bits (Prev, Next): (CMBitMap*) 0x000001f21d98c320, (CMBitMap*) 0x000001f21d98c360
 Prev Bits: [0x000001f235e50000, 0x000001f239bd0000)
 Next Bits: [0x000001f239bd0000, 0x000001f23d950000)

Polling page: 0x000001f21b6d0000

Metaspace:

Usage:
  Non-class:      8.66 MB used.
      Class:      1.20 MB used.
       Both:      9.85 MB used.

Virtual space:
  Non-class space:       64.00 MB reserved,       8.75 MB ( 14%) committed,  1 nodes.
      Class space:        1.00 GB reserved,       1.31 MB ( <1%) committed,  1 nodes.
             Both:        1.06 GB reserved,      10.06 MB ( <1%) committed. 

Chunk freelists:
   Non-Class:  6.45 MB
       Class:  14.53 MB
        Both:  20.99 MB

MaxMetaspaceSize: unlimited
CompressedClassSpaceSize: 1.00 GB
Initial GC threshold: 21.00 MB
Current GC threshold: 21.00 MB
CDS: on
MetaspaceReclaimPolicy: balanced
 - commit_granule_bytes: 65536.
 - commit_granule_words: 8192.
 - virtual_space_node_default_size: 8388608.
 - enlarge_chunks_in_place: 1.
 - new_chunks_are_fully_committed: 0.
 - uncommit_free_chunks: 1.
 - use_allocation_guard: 0.
 - handle_deallocations: 1.


Internal statistics:

num_allocs_failed_limit: 0.
num_arena_births: 202.
num_arena_deaths: 0.
num_vsnodes_births: 2.
num_vsnodes_deaths: 0.
num_space_committed: 161.
num_space_uncommitted: 0.
num_chunks_returned_to_freelist: 0.
num_chunks_taken_from_freelist: 423.
num_chunk_merges: 0.
num_chunk_splits: 247.
num_chunks_enlarged: 150.
num_inconsistent_stats: 0.

CodeHeap 'non-profiled nmethods': size=120000Kb used=518Kb max_used=518Kb free=119481Kb
 bounds [0x000001f22ccb0000, 0x000001f22cf20000, 0x000001f2341e0000]
CodeHeap 'profiled nmethods': size=120000Kb used=2776Kb max_used=2776Kb free=117223Kb
 bounds [0x000001f2251e0000, 0x000001f2254a0000, 0x000001f22c710000]
CodeHeap 'non-nmethods': size=5760Kb used=1184Kb max_used=1200Kb free=4575Kb
 bounds [0x000001f22c710000, 0x000001f22c980000, 0x000001f22ccb0000]
 total_blobs=2001 nmethods=1522 adapters=392
 compilation: enabled
              stopped_count=0, restarted_count=0
 full_count=0

Compilation events (20 events):
Event: 0.546 Thread 0x000001f2405edd80 nmethod 1511 0x000001f225484610 code [0x000001f225484e20, 0x000001f22548c178]
Event: 0.546 Thread 0x000001f2405edd80 1512       3       java.lang.invoke.MethodHandleNatives::staticArgumentsPulled (5 bytes)
Event: 0.546 Thread 0x000001f2405edd80 nmethod 1512 0x000001f22548f390 code [0x000001f22548f520, 0x000001f22548f718]
Event: 0.546 Thread 0x000001f2405edd80 1513       3       java.lang.invoke.BootstrapMethodInvoker::widenAndCast (47 bytes)
Event: 0.546 Thread 0x000001f2405edd80 nmethod 1513 0x000001f22548f790 code [0x000001f22548fa00, 0x000001f2254903b8]
Event: 0.546 Thread 0x000001f2405edd80 1514       3       java.lang.invoke.Invokers::callSiteForm (308 bytes)
Event: 0.547 Thread 0x000001f2405edd80 nmethod 1514 0x000001f225490690 code [0x000001f2254909c0, 0x000001f2254920c8]
Event: 0.551 Thread 0x000001f2405edd80 1516       3       java.nio.ByteBuffer::<init> (47 bytes)
Event: 0.551 Thread 0x000001f2405edd80 nmethod 1516 0x000001f225492a10 code [0x000001f225492bc0, 0x000001f225492de8]
Event: 0.551 Thread 0x000001f2405edd80 1517       1       jdk.internal.net.http.common.DebugLogger::on (5 bytes)
Event: 0.551 Thread 0x000001f2405edd80 nmethod 1517 0x000001f22cd30e10 code [0x000001f22cd30fa0, 0x000001f22cd31078]
Event: 0.551 Thread 0x000001f24089b550 1518       4       java.util.HashMap::newNode (13 bytes)
Event: 0.552 Thread 0x000001f24089b550 nmethod 1518 0x000001f22cd31110 code [0x000001f22cd312a0, 0x000001f22cd313b8]
Event: 0.553 Thread 0x000001f2405edd80 1519       3       java.lang.Module::canRead (86 bytes)
Event: 0.553 Thread 0x000001f2405edd80 nmethod 1519 0x000001f225492f10 code [0x000001f2254932c0, 0x000001f225494e28]
Event: 0.553 Thread 0x000001f2405edd80 1520       3       java.lang.invoke.BoundMethodHandle::editor (8 bytes)
Event: 0.554 Thread 0x000001f2405edd80 nmethod 1520 0x000001f225495510 code [0x000001f2254956e0, 0x000001f225495a88]
Event: 0.554 Thread 0x000001f24089b550 1521       4       jdk.internal.misc.Unsafe::allocateUninitializedArray (55 bytes)
Event: 0.554 Thread 0x000001f2405edd80 1522       3       java.util.stream.Sink$ChainedReference::<init> (16 bytes)
Event: 0.554 Thread 0x000001f2405edd80 nmethod 1522 0x000001f225495c10 code [0x000001f225495de0, 0x000001f225496228]

GC Heap History (2 events):
Event: 0.429 GC heap before
{Heap before GC invocations=0 (full 0):
 garbage-first heap   total 251904K, used 20480K [0x000000070a000000, 0x0000000800000000)
  region size 2048K, 11 young (22528K), 0 survivors (0K)
 Metaspace       used 7815K, committed 8000K, reserved 1114112K
  class space    used 897K, committed 1024K, reserved 1048576K
}
Event: 0.432 GC heap after
{Heap after GC invocations=1 (full 0):
 garbage-first heap   total 251904K, used 6675K [0x000000070a000000, 0x0000000800000000)
  region size 2048K, 2 young (4096K), 2 survivors (4096K)
 Metaspace       used 7815K, committed 8000K, reserved 1114112K
  class space    used 897K, committed 1024K, reserved 1048576K
}

Deoptimization events (20 events):
Event: 0.536 Thread 0x000001f240840200 Uncommon trap: trap_request=0xffffff45 fr.pc=0x000001f22cd0e1c4 relative=0x0000000000000184
Event: 0.536 Thread 0x000001f240840200 Uncommon trap: reason=unstable_if action=reinterpret pc=0x000001f22cd0e1c4 method=java.lang.invoke.VarHandle.checkExactAccessMode(Ljava/lang/invoke/VarHandle$AccessDescriptor;)V @ 4 c2
Event: 0.536 Thread 0x000001f240840200 DEOPT PACKING pc=0x000001f22cd0e1c4 sp=0x00000093545ff490
Event: 0.536 Thread 0x000001f240840200 DEOPT UNPACKING pc=0x000001f22c7623a3 sp=0x00000093545ff3d0 mode 2
Event: 0.541 Thread 0x000001f24083f2d0 Uncommon trap: trap_request=0xffffffde fr.pc=0x000001f22cd3042c relative=0x000000000000010c
Event: 0.541 Thread 0x000001f24083f2d0 Uncommon trap: reason=class_check action=maybe_recompile pc=0x000001f22cd3042c method=jdk.internal.misc.Unsafe.allocateUninitializedArray(Ljava/lang/Class;I)Ljava/lang/Object; @ 51 c2
Event: 0.541 Thread 0x000001f24083f2d0 DEOPT PACKING pc=0x000001f22cd3042c sp=0x00000093552fdea0
Event: 0.541 Thread 0x000001f24083f2d0 DEOPT UNPACKING pc=0x000001f22c7623a3 sp=0x00000093552fde28 mode 2
Event: 0.541 Thread 0x000001f24083f2d0 Uncommon trap: trap_request=0xffffffde fr.pc=0x000001f22cd3042c relative=0x000000000000010c
Event: 0.541 Thread 0x000001f24083f2d0 Uncommon trap: reason=class_check action=maybe_recompile pc=0x000001f22cd3042c method=jdk.internal.misc.Unsafe.allocateUninitializedArray(Ljava/lang/Class;I)Ljava/lang/Object; @ 51 c2
Event: 0.541 Thread 0x000001f24083f2d0 DEOPT PACKING pc=0x000001f22cd3042c sp=0x00000093552fde60
Event: 0.541 Thread 0x000001f24083f2d0 DEOPT UNPACKING pc=0x000001f22c7623a3 sp=0x00000093552fdde8 mode 2
Event: 0.541 Thread 0x000001f24083f2d0 Uncommon trap: trap_request=0xffffffde fr.pc=0x000001f22cd3042c relative=0x000000000000010c
Event: 0.541 Thread 0x000001f24083f2d0 Uncommon trap: reason=class_check action=maybe_recompile pc=0x000001f22cd3042c method=jdk.internal.misc.Unsafe.allocateUninitializedArray(Ljava/lang/Class;I)Ljava/lang/Object; @ 51 c2
Event: 0.541 Thread 0x000001f24083f2d0 DEOPT PACKING pc=0x000001f22cd3042c sp=0x00000093552fd9c0
Event: 0.541 Thread 0x000001f24083f2d0 DEOPT UNPACKING pc=0x000001f22c7623a3 sp=0x00000093552fd948 mode 2
Event: 0.541 Thread 0x000001f24083f2d0 Uncommon trap: trap_request=0xffffffde fr.pc=0x000001f22cd3042c relative=0x000000000000010c
Event: 0.541 Thread 0x000001f24083f2d0 Uncommon trap: reason=class_check action=maybe_recompile pc=0x000001f22cd3042c method=jdk.internal.misc.Unsafe.allocateUninitializedArray(Ljava/lang/Class;I)Ljava/lang/Object; @ 51 c2
Event: 0.541 Thread 0x000001f24083f2d0 DEOPT PACKING pc=0x000001f22cd3042c sp=0x00000093552fd7e0
Event: 0.541 Thread 0x000001f24083f2d0 DEOPT UNPACKING pc=0x000001f22c7623a3 sp=0x00000093552fd768 mode 2

Classes unloaded (0 events):
No events

Classes redefined (0 events):
No events

Internal exceptions (20 events):
Event: 0.455 Thread 0x000001f24083edc0 Exception <a 'java/net/SocketException'{0x00000007194fee48}: Socket is not connected: shutdown> (0x00000007194fee48) 
thrown [s\open\src\hotspot\share\prims\jni.cpp, line 535]
Event: 0.455 Thread 0x000001f24083edc0 Exception <a 'java/net/ConnectException'{0x00000007194ff6a8}: Connection refused: no further information> (0x00000007194ff6a8) 
thrown [s\open\src\hotspot\share\prims\jni.cpp, line 535]
Event: 0.455 Thread 0x000001f24083edc0 Exception <a 'java/net/SocketException'{0x00000007194ff9e0}: Socket is not connected: shutdown> (0x00000007194ff9e0) 
thrown [s\open\src\hotspot\share\prims\jni.cpp, line 535]
Event: 0.466 Thread 0x000001f24083edc0 Exception <a 'java/net/ConnectException'{0x0000000719500240}: Connection refused: no further information> (0x0000000719500240) 
thrown [s\open\src\hotspot\share\prims\jni.cpp, line 535]
Event: 0.466 Thread 0x000001f24083edc0 Exception <a 'java/net/SocketException'{0x0000000719500578}: Socket is not connected: shutdown> (0x0000000719500578) 
thrown [s\open\src\hotspot\share\prims\jni.cpp, line 535]
Event: 0.473 Thread 0x000001f21d91a2d0 Exception <a 'java/lang/NoSuchMethodError'{0x0000000719573130}: 'int java.lang.invoke.DirectMethodHandle$Holder.invokeVirtual(java.lang.Object, java.lang.Object)'> (0x0000000719573130) 
thrown [s\open\src\hotspot\share\interpreter\linkResolver.cpp, line 759]
Event: 0.474 Thread 0x000001f21d91a2d0 Exception <a 'java/lang/NoSuchMethodError'{0x0000000719579618}: 'double java.lang.invoke.DirectMethodHandle$Holder.invokeVirtual(java.lang.Object, java.lang.Object)'> (0x0000000719579618) 
thrown [s\open\src\hotspot\share\interpreter\linkResolver.cpp, line 759]
Event: 0.474 Thread 0x000001f21d91a2d0 Exception <a 'java/lang/NoSuchMethodError'{0x000000071957fdc0}: 'float java.lang.invoke.DirectMethodHandle$Holder.invokeVirtual(java.lang.Object, java.lang.Object)'> (0x000000071957fdc0) 
thrown [s\open\src\hotspot\share\interpreter\linkResolver.cpp, line 759]
Event: 0.475 Thread 0x000001f21d91a2d0 Exception <a 'java/lang/NoSuchMethodError'{0x00000007195892c0}: 'long java.lang.invoke.DirectMethodHandle$Holder.invokeVirtual(java.lang.Object, java.lang.Object)'> (0x00000007195892c0) 
thrown [s\open\src\hotspot\share\interpreter\linkResolver.cpp, line 759]
Event: 0.477 Thread 0x000001f21d91a2d0 Exception <a 'java/lang/NoSuchMethodError'{0x00000007195b5630}: 'void java.lang.invoke.DirectMethodHandle$Holder.invokeStatic(java.lang.Object, java.lang.Object, java.lang.Object)'> (0x00000007195b5630) 
thrown [s\open\src\hotspot\share\interpreter\linkResolver.cpp, line 759]
Event: 0.477 Thread 0x000001f21d91a2d0 Exception <a 'java/lang/NoSuchMethodError'{0x00000007195bbf10}: 'java.lang.Object java.lang.invoke.DirectMethodHandle$Holder.invokeVirtual(java.lang.Object, java.lang.Object, java.lang.Object)'> (0x00000007195bbf10) 
thrown [s\open\src\hotspot\share\interpreter\linkResolver.cpp, line 759]
Event: 0.491 Thread 0x000001f21d91a2d0 Exception <a 'java/lang/NoSuchMethodError'{0x0000000719299680}: 'java.lang.Object java.lang.invoke.DirectMethodHandle$Holder.newInvokeSpecial(java.lang.Object, java.lang.Object, int, int)'> (0x0000000719299680) 
thrown [s\open\src\hotspot\share\interpreter\linkResolver.cpp, line 759]
Event: 0.492 Thread 0x000001f21d91a2d0 Exception <a 'java/lang/NoSuchMethodError'{0x00000007192a4260}: 'void java.lang.invoke.DirectMethodHandle$Holder.invokeStatic(java.lang.Object, java.lang.Object, int)'> (0x00000007192a4260) 
thrown [s\open\src\hotspot\share\interpreter\linkResolver.cpp, line 759]
Event: 0.502 Thread 0x000001f21d91a2d0 Exception <a 'java/lang/NoSuchMethodError'{0x0000000719361f40}: 'java.lang.Object java.lang.invoke.DirectMethodHandle$Holder.newInvokeSpecial(java.lang.Object, java.lang.Object, java.lang.Object, java.lang.Object, java.lang.Object)'> (0x0000000719361f40) 
thrown [s\open\src\hotspot\share\interpreter\linkResolver.cpp, line 759]
Event: 0.506 Thread 0x000001f21d91a2d0 Exception <a 'java/lang/NoSuchMethodError'{0x000000071938c380}: 'void java.lang.invoke.DirectMethodHandle$Holder.invokeInterface(java.lang.Object, java.lang.Object, java.lang.Object)'> (0x000000071938c380) 
thrown [s\open\src\hotspot\share\interpreter\linkResolver.cpp, line 759]
Event: 0.510 Thread 0x000001f21d91a2d0 Exception <a 'java/lang/NoSuchMethodError'{0x00000007193b8fd0}: 'void java.lang.invoke.DirectMethodHandle$Holder.invokeStatic(java.lang.Object, java.lang.Object, java.lang.Object, java.lang.Object)'> (0x00000007193b8fd0) 
thrown [s\open\src\hotspot\share\interpreter\linkResolver.cpp, line 759]
Event: 0.523 Thread 0x000001f24083f2d0 Exception <a 'java/lang/NoSuchMethodError'{0x00000007190e8068}: 'java.lang.Object java.lang.invoke.DirectMethodHandle$Holder.invokeSpecial(java.lang.Object, java.lang.Object, java.lang.Object, java.lang.Object, int)'> (0x00000007190e8068) 
thrown [s\open\src\hotspot\share\interpreter\linkResolver.cpp, line 759]
Event: 0.523 Thread 0x000001f24083f2d0 Exception <a 'java/lang/NoSuchMethodError'{0x00000007190ebc30}: 'java.lang.Object java.lang.invoke.Invokers$Holder.linkToTargetMethod(java.lang.Object, java.lang.Object, int, java.lang.Object)'> (0x00000007190ebc30) 
thrown [s\open\src\hotspot\share\interpreter\linkResolver.cpp, line 759]
Event: 0.527 Thread 0x000001f24083f2d0 Exception <a 'java/lang/NoSuchMethodError'{0x000000071910ede8}: 'void java.lang.invoke.DirectMethodHandle$Holder.invokeSpecial(java.lang.Object, java.lang.Object, java.lang.Object)'> (0x000000071910ede8) 
thrown [s\open\src\hotspot\share\interpreter\linkResolver.cpp, line 759]
Event: 0.532 Thread 0x000001f24083f2d0 Exception <a 'java/lang/NoSuchMethodError'{0x0000000719141630}: 'void java.lang.invoke.DirectMethodHandle$Holder.invokeSpecial(java.lang.Object, java.lang.Object, java.lang.Object, java.lang.Object, java.lang.Object)'> (0x0000000719141630) 
thrown [s\open\src\hotspot\share\interpreter\linkResolver.cpp, line 759]

VM Operations (20 events):
Event: 0.129 Executing VM operation: HandshakeAllThreads
Event: 0.129 Executing VM operation: HandshakeAllThreads done
Event: 0.147 Executing VM operation: HandshakeAllThreads
Event: 0.147 Executing VM operation: HandshakeAllThreads done
Event: 0.147 Executing VM operation: HandshakeAllThreads
Event: 0.147 Executing VM operation: HandshakeAllThreads done
Event: 0.192 Executing VM operation: HandshakeAllThreads
Event: 0.193 Executing VM operation: HandshakeAllThreads done
Event: 0.225 Executing VM operation: HandshakeAllThreads
Event: 0.225 Executing VM operation: HandshakeAllThreads done
Event: 0.266 Executing VM operation: HandshakeAllThreads
Event: 0.266 Executing VM operation: HandshakeAllThreads done
Event: 0.276 Executing VM operation: HandshakeAllThreads
Event: 0.276 Executing VM operation: HandshakeAllThreads done
Event: 0.385 Executing VM operation: HandshakeAllThreads
Event: 0.385 Executing VM operation: HandshakeAllThreads done
Event: 0.429 Executing VM operation: G1CollectForAllocation
Event: 0.432 Executing VM operation: G1CollectForAllocation done
Event: 0.480 Executing VM operation: HandshakeAllThreads
Event: 0.480 Executing VM operation: HandshakeAllThreads done

Events (20 events):
Event: 0.551 loading class java/nio/HeapByteBufferR
Event: 0.551 loading class java/nio/HeapByteBufferR done
Event: 0.552 loading class java/util/LinkedList$DescendingIterator
Event: 0.552 loading class java/util/LinkedList$DescendingIterator done
Event: 0.553 loading class java/util/stream/ReferencePipeline$5
Event: 0.553 loading class java/util/stream/LongPipeline$StatelessOp
Event: 0.553 loading class java/util/stream/LongPipeline
Event: 0.553 loading class java/util/stream/LongStream
Event: 0.553 loading class java/util/stream/LongStream done
Event: 0.553 loading class java/util/stream/LongPipeline done
Event: 0.553 loading class java/util/stream/LongPipeline$StatelessOp done
Event: 0.553 loading class java/util/stream/ReferencePipeline$5 done
Event: 0.553 loading class java/util/stream/FindOps$FindSink$OfLong
Event: 0.553 loading class java/util/stream/Sink$OfLong
Event: 0.553 loading class java/util/stream/Sink$OfLong done
Event: 0.554 loading class java/util/stream/FindOps$FindSink$OfLong done
Event: 0.554 loading class java/util/OptionalLong
Event: 0.554 loading class java/util/OptionalLong done
Event: 0.554 loading class java/util/stream/ReferencePipeline$5$1
Event: 0.554 loading class java/util/stream/ReferencePipeline$5$1 done


Dynamic libraries:
0x00007ff6ae650000 - 0x00007ff6ae660000 	C:\Program Files\Java\jdk-17\bin\java.exe
0x00007fffefd90000 - 0x00007fffeff88000 	C:\Windows\SYSTEM32\ntdll.dll
0x00007fffefc10000 - 0x00007fffefccd000 	C:\Windows\System32\KERNEL32.DLL
0x00007fffed440000 - 0x00007fffed736000 	C:\Windows\System32\KERNELBASE.dll
0x00007fffeda60000 - 0x00007fffedb60000 	C:\Windows\System32\ucrtbase.dll
0x00007fffe2850000 - 0x00007fffe2869000 	C:\Program Files\Java\jdk-17\bin\jli.dll
0x00007fffe2830000 - 0x00007fffe284b000 	C:\Program Files\Java\jdk-17\bin\VCRUNTIME140.dll
0x00007fffedfa0000 - 0x00007fffee050000 	C:\Windows\System32\ADVAPI32.dll
0x00007fffeea60000 - 0x00007fffeeafe000 	C:\Windows\System32\msvcrt.dll
0x00007fffefb70000 - 0x00007fffefc10000 	C:\Windows\System32\sechost.dll
0x00007fffee5d0000 - 0x00007fffee6f3000 	C:\Windows\System32\RPCRT4.dll
0x00007fffedc00000 - 0x00007fffedc27000 	C:\Windows\System32\bcrypt.dll
0x00007fffee710000 - 0x00007fffee8af000 	C:\Windows\System32\USER32.dll
0x00007fffed880000 - 0x00007fffed8a2000 	C:\Windows\System32\win32u.dll
0x00007fffd9bc0000 - 0x00007fffd9e5a000 	C:\Windows\WinSxS\amd64_microsoft.windows.common-controls_6595b64144ccf1df_6.0.19041.4355_none_60b8b9eb71f62e16\COMCTL32.dll
0x00007fffefab0000 - 0x00007fffefadb000 	C:\Windows\System32\GDI32.dll
0x00007fffedc30000 - 0x00007fffedd47000 	C:\Windows\System32\gdi32full.dll
0x00007fffedb60000 - 0x00007fffedbfd000 	C:\Windows\System32\msvcp_win.dll
0x00007fffe5a40000 - 0x00007fffe5a4a000 	C:\Windows\SYSTEM32\VERSION.dll
0x00007fffee050000 - 0x00007fffee082000 	C:\Windows\System32\IMM32.DLL
0x00007fffe38e0000 - 0x00007fffe38ec000 	C:\Program Files\Java\jdk-17\bin\vcruntime140_1.dll
0x00007fffdc540000 - 0x00007fffdc5ce000 	C:\Program Files\Java\jdk-17\bin\msvcp140.dll
0x00007fffb08f0000 - 0x00007fffb14d0000 	C:\Program Files\Java\jdk-17\bin\server\jvm.dll
0x00007fffee8b0000 - 0x00007fffee8b8000 	C:\Windows\System32\PSAPI.DLL
0x00007fffd9a70000 - 0x00007fffd9a79000 	C:\Windows\SYSTEM32\WSOCK32.dll
0x00007fffe5a10000 - 0x00007fffe5a37000 	C:\Windows\SYSTEM32\WINMM.dll
0x00007fffeeb00000 - 0x00007fffeeb6b000 	C:\Windows\System32\WS2_32.dll
0x00007fffeb2e0000 - 0x00007fffeb2f2000 	C:\Windows\SYSTEM32\kernel.appcore.dll
0x00007fffe2820000 - 0x00007fffe282a000 	C:\Program Files\Java\jdk-17\bin\jimage.dll
0x00007fffe0a80000 - 0x00007fffe0c64000 	C:\Windows\SYSTEM32\DBGHELP.DLL
0x00007fffd99b0000 - 0x00007fffd99e4000 	C:\Windows\SYSTEM32\dbgcore.DLL
0x00007fffed7f0000 - 0x00007fffed872000 	C:\Windows\System32\bcryptPrimitives.dll
0x00007fffe2210000 - 0x00007fffe2235000 	C:\Program Files\Java\jdk-17\bin\java.dll
0x00007fffc8e60000 - 0x00007fffc8f37000 	C:\Program Files\Java\jdk-17\bin\jsvml.dll
0x00007fffeeb90000 - 0x00007fffef2fb000 	C:\Windows\System32\SHELL32.dll
0x00007fffeb4e0000 - 0x00007fffebc7d000 	C:\Windows\SYSTEM32\windows.storage.dll
0x00007fffef300000 - 0x00007fffef653000 	C:\Windows\System32\combase.dll
0x00007fffecd90000 - 0x00007fffecdbe000 	C:\Windows\SYSTEM32\Wldp.dll
0x00007fffee090000 - 0x00007fffee15d000 	C:\Windows\System32\OLEAUT32.dll
0x00007fffef660000 - 0x00007fffef70d000 	C:\Windows\System32\SHCORE.dll
0x00007fffef710000 - 0x00007fffef765000 	C:\Windows\System32\shlwapi.dll
0x00007fffed370000 - 0x00007fffed394000 	C:\Windows\SYSTEM32\profapi.dll
0x00007fffe1cd0000 - 0x00007fffe1ce9000 	C:\Program Files\Java\jdk-17\bin\net.dll
0x00007fffe75e0000 - 0x00007fffe76ea000 	C:\Windows\SYSTEM32\WINHTTP.dll
0x00007fffecaf0000 - 0x00007fffecb5a000 	C:\Windows\system32\mswsock.dll
0x00007fffdfba0000 - 0x00007fffdfbb6000 	C:\Program Files\Java\jdk-17\bin\nio.dll
0x00007fffdfb80000 - 0x00007fffdfb98000 	C:\Program Files\Java\jdk-17\bin\zip.dll
0x00007fffe2810000 - 0x00007fffe2820000 	C:\Program Files\Java\jdk-17\bin\verify.dll
0x00007fffec810000 - 0x00007fffec8db000 	C:\Windows\SYSTEM32\DNSAPI.dll
0x00007fffec7d0000 - 0x00007fffec80b000 	C:\Windows\SYSTEM32\IPHLPAPI.DLL
0x00007fffee700000 - 0x00007fffee708000 	C:\Windows\System32\NSI.dll
0x00007fffe2f70000 - 0x00007fffe2f7a000 	C:\Windows\System32\rasadhlp.dll
0x00007fffe1c40000 - 0x00007fffe1cc0000 	C:\Windows\System32\fwpuclnt.dll
0x00007fffecce0000 - 0x00007fffeccf8000 	C:\Windows\SYSTEM32\CRYPTSP.dll
0x00007fffec410000 - 0x00007fffec444000 	C:\Windows\system32\rsaenh.dll
0x00007fffed2e0000 - 0x00007fffed30e000 	C:\Windows\SYSTEM32\USERENV.dll
0x00007fffecd00000 - 0x00007fffecd0c000 	C:\Windows\SYSTEM32\CRYPTBASE.dll
0x00007fffe7f00000 - 0x00007fffe7f17000 	C:\Windows\SYSTEM32\dhcpcsvc6.DLL
0x00007fffe7e60000 - 0x00007fffe7e7d000 	C:\Windows\SYSTEM32\dhcpcsvc.DLL
0x00007fffe27e0000 - 0x00007fffe27ee000 	C:\Program Files\Java\jdk-17\bin\sunmscapi.dll
0x00007fffed900000 - 0x00007fffeda5e000 	C:\Windows\System32\CRYPT32.dll
0x00007fffece00000 - 0x00007fffece29000 	C:\Windows\SYSTEM32\ncrypt.dll
0x00007fffecdc0000 - 0x00007fffecdfb000 	C:\Windows\SYSTEM32\NTASN1.dll

dbghelp: loaded successfully - version: 4.0.5 - missing functions: none
symbol engine: initialized successfully - sym options: 0x614 - pdb path: .;C:\Program Files\Java\jdk-17\bin;C:\Windows\SYSTEM32;C:\Windows\WinSxS\amd64_microsoft.windows.common-controls_6595b64144ccf1df_6.0.19041.4355_none_60b8b9eb71f62e16;C:\Program Files\Java\jdk-17\bin\server

VM Arguments:
jvm_args: -XX:+ShowCodeDetailsInExceptionMessages 
java_command: com.furktech.Main 2276376 EXTRACAO_BILHETES TRUE C:\RPA\webdriver\geckodriver-v0.34.0-win64\geckodriver.exe
java_class_path (initial): C:\Users\luanm\OneDrive\Desktop\Selenium-FT\target\classes;C:\Users\luanm\.m2\repository\org\seleniumhq\selenium\selenium-java\4.21.0\selenium-java-4.21.0.jar;C:\Users\luanm\.m2\repository\org\seleniumhq\selenium\selenium-api\4.21.0\selenium-api-4.21.0.jar;C:\Users\luanm\.m2\repository\org\seleniumhq\selenium\selenium-chrome-driver\4.21.0\selenium-chrome-driver-4.21.0.jar;C:\Users\luanm\.m2\repository\org\seleniumhq\selenium\selenium-chromium-driver\4.21.0\selenium-chromium-driver-4.21.0.jar;C:\Users\luanm\.m2\repository\org\seleniumhq\selenium\selenium-devtools-v123\4.21.0\selenium-devtools-v123-4.21.0.jar;C:\Users\luanm\.m2\repository\org\seleniumhq\selenium\selenium-devtools-v124\4.21.0\selenium-devtools-v124-4.21.0.jar;C:\Users\luanm\.m2\repository\org\seleniumhq\selenium\selenium-devtools-v125\4.21.0\selenium-devtools-v125-4.21.0.jar;C:\Users\luanm\.m2\repository\org\seleniumhq\selenium\selenium-devtools-v85\4.21.0\selenium-devtools-v85-4.21.0.jar;C:\Users\luanm\.m2\repository\org\seleniumhq\selenium\selenium-edge-driver\4.21.0\selenium-edge-driver-4.21.0.jar;C:\Users\luanm\.m2\repository\org\seleniumhq\selenium\selenium-ie-driver\4.21.0\selenium-ie-driver-4.21.0.jar;C:\Users\luanm\.m2\repository\org\seleniumhq\selenium\selenium-remote-driver\4.21.0\selenium-remote-driver-4.21.0.jar;C:\Users\luanm\.m2\repository\com\google\guava\guava\33.2.0-jre\guava-33.2.0-jre.jar;C:\Users\luanm\.m2\repository\com\google\guava\failureaccess\1.0.2\failureaccess-1.0.2.jar;C:\Users\luanm\.m2\repository\com\google\guava\listenablefuture\9999.0-empty-to-avoid-conflict-with-guava\listenablefuture-9999.0-empty-to-avoid-conflict-with-guava.jar;C:\Users\luanm\.m2\repository\com\google\code\findbugs\jsr305\3.0.2\jsr305-3.0.2.jar;C:\Users\luanm\.m2\repository\org\checkerframework\checker-qual\3.42.0\checker-qual-3.42.0.jar;C:\Users\luanm\.m2\repository\com\google\errorprone\error_prone_annotations\2.26.1\error_prone_annotations-2.26.1.jar;C:\Users\luanm\.m2\
Launcher Type: SUN_STANDARD

[Global flags]
     intx CICompilerCount                          = 4                                         {product} {ergonomic}
     uint ConcGCThreads                            = 3                                         {product} {ergonomic}
     uint G1ConcRefinementThreads                  = 10                                        {product} {ergonomic}
   size_t G1HeapRegionSize                         = 2097152                                   {product} {ergonomic}
    uintx GCDrainStackTargetSize                   = 64                                        {product} {ergonomic}
   size_t InitialHeapSize                          = 257949696                                 {product} {ergonomic}
   size_t MarkStackSize                            = 4194304                                   {product} {ergonomic}
   size_t MaxHeapSize                              = 4127195136                                {product} {ergonomic}
   size_t MaxNewSize                               = 2474639360                                {product} {ergonomic}
   size_t MinHeapDeltaBytes                        = 2097152                                   {product} {ergonomic}
   size_t MinHeapSize                              = 8388608                                   {product} {ergonomic}
    uintx NonNMethodCodeHeapSize                   = 5839372                                {pd product} {ergonomic}
    uintx NonProfiledCodeHeapSize                  = 122909434                              {pd product} {ergonomic}
    uintx ProfiledCodeHeapSize                     = 122909434                              {pd product} {ergonomic}
    uintx ReservedCodeCacheSize                    = 251658240                              {pd product} {ergonomic}
     bool SegmentedCodeCache                       = true                                      {product} {ergonomic}
     bool ShowCodeDetailsInExceptionMessages       = true                                   {manageable} {command line}
   size_t SoftMaxHeapSize                          = 4127195136                             {manageable} {ergonomic}
     bool UseCompressedClassPointers               = true                           {product lp64_product} {ergonomic}
     bool UseCompressedOops                        = true                           {product lp64_product} {ergonomic}
     bool UseG1GC                                  = true                                      {product} {ergonomic}
     bool UseLargePagesIndividualAllocation        = false                                  {pd product} {ergonomic}

Logging:
Log output configuration:
 #0: stdout all=warning uptime,level,tags
 #1: stderr all=off uptime,level,tags

Environment Variables:
JAVA_HOME=C:\Program Files\Java\jdk-17
CLASSPATH=.;
PATH=C:\Python311\Scripts\;C:\Python311\;C:\Program Files (x86)\Common Files\Oracle\Java\javapath;C:\Program Files\Common Files\Oracle\Java\javapath;C:\Windows\system32;C:\Windows;C:\Windows\System32\Wbem;C:\Windows\System32\WindowsPowerShell\v1.0\;C:\Windows\System32\OpenSSH\;C:\Program Files\NVIDIA Corporation\NVIDIA NvDLISR;C:\Program Files (x86)\NVIDIA Corporation\PhysX\Common;C:\ProgramData\chocolatey\bin;C:\Users\luanm\AppData\Local\Android\Sdk\emulator;C:\Users\luanm\AppData\Local\Android\Sdk\tools;C:\Users\luanm\AppData\Local\Android\Sdk\tools\bin;C:\Users\luanm\AppData\Local\Android\Sdk\platform-tools;C:\Program Files\Java\jdk-11.0.16.1\bin;C:\Program Files\TortoiseSVN\bin;C:\Oracle2\instantclient_21_12;C:\Oracle2\instantclient_21_12\network\admin;C:\Users\luanm\AppData\Roaming\nvm;C:\Program Files\nodejs;%M2_HOME%\bin;C:\Program Files\Git\cmd;C:\Program Files\GitHub CLI\;C:\Program Files\dotnet\;C:\RPA\webdriver\geckodriver-v0.34.0-win64\geckodriver.exe;C:\RPA\protoc-27.0-win64\bin\protoc.exe;C:\Program Files\Java\jdk-17\bin;C:\Program Files\MySQL\MySQL Shell 8.0\bin\;C:\Users\luanm\AppData\Local\Microsoft\WindowsApps;C:\Program Files\JetBrains\PyCharm Community Edition 2022.1.2\bin;;C:\Users\luanm\AppData\Local\Programs\Microsoft VS Code\bin;C:\Users\luanm\AppData\Local\GitHubDesktop\bin;C:\Program Files\Java\jdk-11.0.16.1\bin;C:\Users\luanm\AppData\Roaming\nvm;C:\Program Files\nodejs;C:\apache-maven\bin;C:\Program Files\nodejs\;C:\Program Files\JetBrains\IntelliJ IDEA Community Edition 2023.1.2\bin;;C:\Users\luanm\AppData\Roaming\npm;C:\instantclient-basic-nt-21.12.0.0.0dbru\instantclient_21_12\oci.dll;C:\RPA\webdriver\geckodriver-v0.34.0-win64\geckodriver.exe;C:\RPA\protoc-27.0-win64\bin\protoc.exe;C:\Program Files\Java\jdk-17\bin;
USERNAME=luanmxz2
LANG=en_US.UTF-8
OS=Windows_NT
PROCESSOR_IDENTIFIER=AMD64 Family 25 Model 80 Stepping 0, AuthenticAMD



---------------  S Y S T E M  ---------------

OS:
 Windows 10 , 64 bit Build 19041 (10.0.19041.3636)
OS uptime: 0 days 17:09 hours

CPU: total 12 (initial active 12) (12 cores per cpu, 2 threads per core) family 25 model 80 stepping 0 microcode 0x0, cx8, cmov, fxsr, ht, mmx, 3dnowpref, sse, sse2, sse3, ssse3, sse4a, sse4.1, sse4.2, popcnt, lzcnt, tsc, tscinvbit, avx, avx2, aes, erms, clmul, bmi1, bmi2, adx, sha, fma, vzeroupper, clflush, clflushopt

Memory: 4k page, system-wide physical 15742M (2420M free)
TotalPageFile size 32126M (AvailPageFile size 4M)
current process WorkingSet (physical memory assigned to process): 92M, peak: 92M
current process commit charge ("private bytes"): 360M, peak: 361M

vm_info: Java HotSpot(TM) 64-Bit Server VM (17.0.11+7-LTS-207) for windows-amd64 JRE (17.0.11+7-LTS-207), built on Mar 11 2024 19:01:50 by "mach5one" with MS VC++ 17.6 (VS2022)

END.
